Arguments: 
  /usr/local/bin/node /usr/local/bin/yarn add --dev ollup-plugin-esbuild rollup-plugin-vue rollup-plugin-scss sass rollup-plugin-terser

PATH: 
  /opt/homebrew/bin:/opt/homebrew/sbin:/opt/homebrew/bin:/opt/homebrew/sbin:/usr/local/bin:/usr/bin:/bin:/usr/sbin:/sbin:/opt/homebrew/bin:/opt/homebrew/sbin

Yarn version: 
  1.22.10

Node version: 
  14.17.2

Platform: 
  darwin x64

Trace: 
  Error: https://registry.yarnpkg.com/ollup-plugin-esbuild: Not found
      at Request.params.callback [as _callback] (/usr/local/lib/node_modules/yarn/lib/cli.js:66988:18)
      at Request.self.callback (/usr/local/lib/node_modules/yarn/lib/cli.js:140662:22)
      at Request.emit (events.js:375:28)
      at Request.<anonymous> (/usr/local/lib/node_modules/yarn/lib/cli.js:141634:10)
      at Request.emit (events.js:375:28)
      at IncomingMessage.<anonymous> (/usr/local/lib/node_modules/yarn/lib/cli.js:141556:12)
      at Object.onceWrapper (events.js:481:28)
      at IncomingMessage.emit (events.js:387:35)
      at endReadableNT (internal/streams/readable.js:1317:12)
      at processTicksAndRejections (internal/process/task_queues.js:82:21)

npm manifest: 
  {
    "name": "jw-ui",
    "version": "0.0.0",
    "scripts": {
      "dev": "vite --host",
      "build": "vite build",
      "preview": "vite preview"
    },
    "dependencies": {
      "github-markdown-css": "^5.1.0",
      "prismjs": "^1.26.0",
      "vite-plugin-markdown": "^2.0.2",
      "vue": "^3.2.25",
      "vue-router": "4"
    },
    "devDependencies": {
      "@vitejs/plugin-vue": "^2.0.1",
      "marked": "^4.0.9",
      "sass": "^1.47.0",
      "vite": "^2.7.2"
    }
  }

yarn manifest: 
  No manifest

Lockfile: 
  # THIS IS AN AUTOGENERATED FILE. DO NOT EDIT THIS FILE DIRECTLY.
  # yarn lockfile v1
  
  
  "@babel/parser@^7.16.4":
    version "7.16.7"
    resolved "https://registry.npmmirror.com/@babel/parser/download/@babel/parser-7.16.7.tgz"
    integrity sha512-sR4eaSrnM7BV7QPzGfEX5paG/6wrZM3I0HDzfIAK06ESvo9oy3xBuVBxE3MbQaKNhvg8g/ixjMWo2CGpzpHsDA==
  
  "@vitejs/plugin-vue@^2.0.1":
    version "2.0.1"
    resolved "https://registry.npmmirror.com/@vitejs/plugin-vue/download/@vitejs/plugin-vue-2.0.1.tgz"
    integrity sha512-wtdMnGVvys9K8tg+DxowU1ytTrdVveXr3LzdhaKakysgGXyrsfaeds2cDywtvujEASjWOwWL/OgWM+qoeM8Plg==
  
  "@vue/compiler-core@3.2.26":
    version "3.2.26"
    resolved "https://registry.npmmirror.com/@vue/compiler-core/download/@vue/compiler-core-3.2.26.tgz"
    integrity sha512-N5XNBobZbaASdzY9Lga2D9Lul5vdCIOXvUMd6ThcN8zgqQhPKfCV+wfAJNNJKQkSHudnYRO2gEB+lp0iN3g2Tw==
    dependencies:
      "@babel/parser" "^7.16.4"
      "@vue/shared" "3.2.26"
      estree-walker "^2.0.2"
      source-map "^0.6.1"
  
  "@vue/compiler-dom@3.2.26":
    version "3.2.26"
    resolved "https://registry.npmmirror.com/@vue/compiler-dom/download/@vue/compiler-dom-3.2.26.tgz"
    integrity sha512-smBfaOW6mQDxcT3p9TKT6mE22vjxjJL50GFVJiI0chXYGU/xzC05QRGrW3HHVuJrmLTLx5zBhsZ2dIATERbarg==
    dependencies:
      "@vue/compiler-core" "3.2.26"
      "@vue/shared" "3.2.26"
  
  "@vue/compiler-sfc@3.2.26":
    version "3.2.26"
    resolved "https://registry.npmmirror.com/@vue/compiler-sfc/download/@vue/compiler-sfc-3.2.26.tgz"
    integrity sha512-ePpnfktV90UcLdsDQUh2JdiTuhV0Skv2iYXxfNMOK/F3Q+2BO0AulcVcfoksOpTJGmhhfosWfMyEaEf0UaWpIw==
    dependencies:
      "@babel/parser" "^7.16.4"
      "@vue/compiler-core" "3.2.26"
      "@vue/compiler-dom" "3.2.26"
      "@vue/compiler-ssr" "3.2.26"
      "@vue/reactivity-transform" "3.2.26"
      "@vue/shared" "3.2.26"
      estree-walker "^2.0.2"
      magic-string "^0.25.7"
      postcss "^8.1.10"
      source-map "^0.6.1"
  
  "@vue/compiler-ssr@3.2.26":
    version "3.2.26"
    resolved "https://registry.npmmirror.com/@vue/compiler-ssr/download/@vue/compiler-ssr-3.2.26.tgz"
    integrity sha512-2mywLX0ODc4Zn8qBoA2PDCsLEZfpUGZcyoFRLSOjyGGK6wDy2/5kyDOWtf0S0UvtoyVq95OTSGIALjZ4k2q/ag==
    dependencies:
      "@vue/compiler-dom" "3.2.26"
      "@vue/shared" "3.2.26"
  
  "@vue/devtools-api@^6.0.0-beta.18":
    version "6.0.0-beta.21.1"
    resolved "https://registry.npmmirror.com/@vue/devtools-api/download/@vue/devtools-api-6.0.0-beta.21.1.tgz"
    integrity sha512-FqC4s3pm35qGVeXRGOjTsRzlkJjrBLriDS9YXbflHLsfA9FrcKzIyWnLXoNm+/7930E8rRakXuAc2QkC50swAw==
  
  "@vue/reactivity-transform@3.2.26":
    version "3.2.26"
    resolved "https://registry.npmmirror.com/@vue/reactivity-transform/download/@vue/reactivity-transform-3.2.26.tgz"
    integrity sha512-XKMyuCmzNA7nvFlYhdKwD78rcnmPb7q46uoR00zkX6yZrUmcCQ5OikiwUEVbvNhL5hBJuvbSO95jB5zkUon+eQ==
    dependencies:
      "@babel/parser" "^7.16.4"
      "@vue/compiler-core" "3.2.26"
      "@vue/shared" "3.2.26"
      estree-walker "^2.0.2"
      magic-string "^0.25.7"
  
  "@vue/reactivity@3.2.26":
    version "3.2.26"
    resolved "https://registry.npmmirror.com/@vue/reactivity/download/@vue/reactivity-3.2.26.tgz"
    integrity sha512-h38bxCZLW6oFJVDlCcAiUKFnXI8xP8d+eO0pcDxx+7dQfSPje2AO6M9S9QO6MrxQB7fGP0DH0dYQ8ksf6hrXKQ==
    dependencies:
      "@vue/shared" "3.2.26"
  
  "@vue/runtime-core@3.2.26":
    version "3.2.26"
    resolved "https://registry.npmmirror.com/@vue/runtime-core/download/@vue/runtime-core-3.2.26.tgz"
    integrity sha512-BcYi7qZ9Nn+CJDJrHQ6Zsmxei2hDW0L6AB4vPvUQGBm2fZyC0GXd/4nVbyA2ubmuhctD5RbYY8L+5GUJszv9mQ==
    dependencies:
      "@vue/reactivity" "3.2.26"
      "@vue/shared" "3.2.26"
  
  "@vue/runtime-dom@3.2.26":
    version "3.2.26"
    resolved "https://registry.npmmirror.com/@vue/runtime-dom/download/@vue/runtime-dom-3.2.26.tgz"
    integrity sha512-dY56UIiZI+gjc4e8JQBwAifljyexfVCkIAu/WX8snh8vSOt/gMSEGwPRcl2UpYpBYeyExV8WCbgvwWRNt9cHhQ==
    dependencies:
      "@vue/runtime-core" "3.2.26"
      "@vue/shared" "3.2.26"
      csstype "^2.6.8"
  
  "@vue/server-renderer@3.2.26":
    version "3.2.26"
    resolved "https://registry.npmmirror.com/@vue/server-renderer/download/@vue/server-renderer-3.2.26.tgz"
    integrity sha512-Jp5SggDUvvUYSBIvYEhy76t4nr1vapY/FIFloWmQzn7UxqaHrrBpbxrqPcTrSgGrcaglj0VBp22BKJNre4aA1w==
    dependencies:
      "@vue/compiler-ssr" "3.2.26"
      "@vue/shared" "3.2.26"
  
  "@vue/shared@3.2.26":
    version "3.2.26"
    resolved "https://registry.npmmirror.com/@vue/shared/download/@vue/shared-3.2.26.tgz"
    integrity sha512-vPV6Cq+NIWbH5pZu+V+2QHE9y1qfuTq49uNWw4f7FDEeZaDU2H2cx5jcUZOAKW7qTrUS4k6qZPbMy1x4N96nbA==
  
  anymatch@~3.1.2:
    version "3.1.2"
    resolved "https://registry.nlark.com/anymatch/download/anymatch-3.1.2.tgz"
    integrity sha1-wFV8CWrzLxBhmPT04qODU343hxY=
    dependencies:
      normalize-path "^3.0.0"
      picomatch "^2.0.4"
  
  argparse@^1.0.7:
    version "1.0.10"
    resolved "https://registry.nlark.com/argparse/download/argparse-1.0.10.tgz"
    integrity sha1-vNZ5HqWuCXJeF+WtmIE0zUCz2RE=
    dependencies:
      sprintf-js "~1.0.2"
  
  argparse@^2.0.1:
    version "2.0.1"
    resolved "https://registry.nlark.com/argparse/download/argparse-2.0.1.tgz"
    integrity sha1-JG9Q88p4oyQPbJl+ipvR6sSeSzg=
  
  binary-extensions@^2.0.0:
    version "2.2.0"
    resolved "https://registry.nlark.com/binary-extensions/download/binary-extensions-2.2.0.tgz"
    integrity sha1-dfUC7q+f/eQvyYgpZFvk6na9ni0=
  
  braces@~3.0.2:
    version "3.0.2"
    resolved "https://registry.nlark.com/braces/download/braces-3.0.2.tgz"
    integrity sha1-NFThpGLujVmeI23zNs2epPiv4Qc=
    dependencies:
      fill-range "^7.0.1"
  
  "chokidar@>=3.0.0 <4.0.0":
    version "3.5.2"
    resolved "https://registry.npmmirror.com/chokidar/download/chokidar-3.5.2.tgz"
    integrity sha512-ekGhOnNVPgT77r4K/U3GDhu+FQ2S8TnK/s2KbIGXi0SZWuwkZ2QNyfWdZW+TVfn84DpEP7rLeCt2UI6bJ8GwbQ==
    dependencies:
      anymatch "~3.1.2"
      braces "~3.0.2"
      glob-parent "~5.1.2"
      is-binary-path "~2.1.0"
      is-glob "~4.0.1"
      normalize-path "~3.0.0"
      readdirp "~3.6.0"
    optionalDependencies:
      fsevents "~2.3.2"
  
  csstype@^2.6.8:
    version "2.6.19"
    resolved "https://registry.npmmirror.com/csstype/download/csstype-2.6.19.tgz?cache=0&sync_timestamp=1637224514674&other_urls=https%3A%2F%2Fregistry.npmmirror.com%2Fcsstype%2Fdownload%2Fcsstype-2.6.19.tgz"
    integrity sha512-ZVxXaNy28/k3kJg0Fou5MiYpp88j7H9hLZp8PDC3jV0WFjfH5E9xHb56L0W59cPbKbcHXeP4qyT8PrHp8t6LcQ==
  
  dom-serializer@^1.0.1:
    version "1.3.2"
    resolved "https://registry.nlark.com/dom-serializer/download/dom-serializer-1.3.2.tgz"
    integrity sha1-YgZDfTLO767HFhgDIwx6ILwbTZE=
    dependencies:
      domelementtype "^2.0.1"
      domhandler "^4.2.0"
      entities "^2.0.0"
  
  domelementtype@^2.0.1, domelementtype@^2.2.0:
    version "2.2.0"
    resolved "https://registry.nlark.com/domelementtype/download/domelementtype-2.2.0.tgz"
    integrity sha1-mgtsJ4LtahxzI9QiZxg9+b2LHVc=
  
  domhandler@^4.0.0, domhandler@^4.2.0:
    version "4.3.0"
    resolved "https://registry.npmmirror.com/domhandler/download/domhandler-4.3.0.tgz"
    integrity sha512-fC0aXNQXqKSFTr2wDNZDhsEYjCiYsDWl3D01kwt25hm1YIPyDGHvvi3rw+PLqHAl/m71MaiF7d5zvBr0p5UB2g==
    dependencies:
      domelementtype "^2.2.0"
  
  domutils@^2.5.2:
    version "2.8.0"
    resolved "https://registry.nlark.com/domutils/download/domutils-2.8.0.tgz"
    integrity sha1-RDfe9dtuLR9dbuhZvZXKfQIEgTU=
    dependencies:
      dom-serializer "^1.0.1"
      domelementtype "^2.2.0"
      domhandler "^4.2.0"
  
  entities@^2.0.0:
    version "2.2.0"
    resolved "https://registry.nlark.com/entities/download/entities-2.2.0.tgz?cache=0&sync_timestamp=1628508126700&other_urls=https%3A%2F%2Fregistry.nlark.com%2Fentities%2Fdownload%2Fentities-2.2.0.tgz"
    integrity sha1-CY3JDruD2N/6CJ1VJWs1HTTE2lU=
  
  entities@~2.1.0:
    version "2.1.0"
    resolved "https://registry.nlark.com/entities/download/entities-2.1.0.tgz?cache=0&sync_timestamp=1628508126700&other_urls=https%3A%2F%2Fregistry.nlark.com%2Fentities%2Fdownload%2Fentities-2.1.0.tgz"
    integrity sha1-mS0xKc999ocLlsV4WMJJoSD4uLU=
  
  esbuild-android-arm64@0.13.15:
    version "0.13.15"
    resolved "https://registry.npmmirror.com/esbuild-android-arm64/download/esbuild-android-arm64-0.13.15.tgz#3fc3ff0bab76fe35dd237476b5d2b32bb20a3d44"
    integrity sha512-m602nft/XXeO8YQPUDVoHfjyRVPdPgjyyXOxZ44MK/agewFFkPa8tUo6lAzSWh5Ui5PB4KR9UIFTSBKh/RrCmg==
  
  esbuild-darwin-64@0.13.15:
    version "0.13.15"
    resolved "https://registry.npmmirror.com/esbuild-darwin-64/download/esbuild-darwin-64-0.13.15.tgz#8e9169c16baf444eacec60d09b24d11b255a8e72"
    integrity sha512-ihOQRGs2yyp7t5bArCwnvn2Atr6X4axqPpEdCFPVp7iUj4cVSdisgvEKdNR7yH3JDjW6aQDw40iQFoTqejqxvQ==
  
  esbuild-darwin-arm64@0.13.15:
    version "0.13.15"
    resolved "https://registry.npmmirror.com/esbuild-darwin-arm64/download/esbuild-darwin-arm64-0.13.15.tgz#1b07f893b632114f805e188ddfca41b2b778229a"
    integrity sha512-i1FZssTVxUqNlJ6cBTj5YQj4imWy3m49RZRnHhLpefFIh0To05ow9DTrXROTE1urGTQCloFUXTX8QfGJy1P8dQ==
  
  esbuild-freebsd-64@0.13.15:
    version "0.13.15"
    resolved "https://registry.npmmirror.com/esbuild-freebsd-64/download/esbuild-freebsd-64-0.13.15.tgz#0b8b7eca1690c8ec94c75680c38c07269c1f4a85"
    integrity sha512-G3dLBXUI6lC6Z09/x+WtXBXbOYQZ0E8TDBqvn7aMaOCzryJs8LyVXKY4CPnHFXZAbSwkCbqiPuSQ1+HhrNk7EA==
  
  esbuild-freebsd-arm64@0.13.15:
    version "0.13.15"
    resolved "https://registry.npmmirror.com/esbuild-freebsd-arm64/download/esbuild-freebsd-arm64-0.13.15.tgz#2e1a6c696bfdcd20a99578b76350b41db1934e52"
    integrity sha512-KJx0fzEDf1uhNOZQStV4ujg30WlnwqUASaGSFPhznLM/bbheu9HhqZ6mJJZM32lkyfGJikw0jg7v3S0oAvtvQQ==
  
  esbuild-linux-32@0.13.15:
    version "0.13.15"
    resolved "https://registry.npmmirror.com/esbuild-linux-32/download/esbuild-linux-32-0.13.15.tgz#6fd39f36fc66dd45b6b5f515728c7bbebc342a69"
    integrity sha512-ZvTBPk0YWCLMCXiFmD5EUtB30zIPvC5Itxz0mdTu/xZBbbHJftQgLWY49wEPSn2T/TxahYCRDWun5smRa0Tu+g==
  
  esbuild-linux-64@0.13.15:
    version "0.13.15"
    resolved "https://registry.npmmirror.com/esbuild-linux-64/download/esbuild-linux-64-0.13.15.tgz#9cb8e4bcd7574e67946e4ee5f1f1e12386bb6dd3"
    integrity sha512-eCKzkNSLywNeQTRBxJRQ0jxRCl2YWdMB3+PkWFo2BBQYC5mISLIVIjThNtn6HUNqua1pnvgP5xX0nHbZbPj5oA==
  
  esbuild-linux-arm64@0.13.15:
    version "0.13.15"
    resolved "https://registry.npmmirror.com/esbuild-linux-arm64/download/esbuild-linux-arm64-0.13.15.tgz#3891aa3704ec579a1b92d2a586122e5b6a2bfba1"
    integrity sha512-bYpuUlN6qYU9slzr/ltyLTR9YTBS7qUDymO8SV7kjeNext61OdmqFAzuVZom+OLW1HPHseBfJ/JfdSlx8oTUoA==
  
  esbuild-linux-arm@0.13.15:
    version "0.13.15"
    resolved "https://registry.npmmirror.com/esbuild-linux-arm/download/esbuild-linux-arm-0.13.15.tgz#8a00e99e6a0c6c9a6b7f334841364d8a2b4aecfe"
    integrity sha512-wUHttDi/ol0tD8ZgUMDH8Ef7IbDX+/UsWJOXaAyTdkT7Yy9ZBqPg8bgB/Dn3CZ9SBpNieozrPRHm0BGww7W/jA==
  
  esbuild-linux-mips64le@0.13.15:
    version "0.13.15"
    resolved "https://registry.npmmirror.com/esbuild-linux-mips64le/download/esbuild-linux-mips64le-0.13.15.tgz#36b07cc47c3d21e48db3bb1f4d9ef8f46aead4f7"
    integrity sha512-KlVjIG828uFPyJkO/8gKwy9RbXhCEUeFsCGOJBepUlpa7G8/SeZgncUEz/tOOUJTcWMTmFMtdd3GElGyAtbSWg==
  
  esbuild-linux-ppc64le@0.13.15:
    version "0.13.15"
    resolved "https://registry.npmmirror.com/esbuild-linux-ppc64le/download/esbuild-linux-ppc64le-0.13.15.tgz#f7e6bba40b9a11eb9dcae5b01550ea04670edad2"
    integrity sha512-h6gYF+OsaqEuBjeesTBtUPw0bmiDu7eAeuc2OEH9S6mV9/jPhPdhOWzdeshb0BskRZxPhxPOjqZ+/OqLcxQwEQ==
  
  esbuild-netbsd-64@0.13.15:
    version "0.13.15"
    resolved "https://registry.npmmirror.com/esbuild-netbsd-64/download/esbuild-netbsd-64-0.13.15.tgz#a2fedc549c2b629d580a732d840712b08d440038"
    integrity sha512-3+yE9emwoevLMyvu+iR3rsa+Xwhie7ZEHMGDQ6dkqP/ndFzRHkobHUKTe+NCApSqG5ce2z4rFu+NX/UHnxlh3w==
  
  esbuild-openbsd-64@0.13.15:
    version "0.13.15"
    resolved "https://registry.npmmirror.com/esbuild-openbsd-64/download/esbuild-openbsd-64-0.13.15.tgz#b22c0e5806d3a1fbf0325872037f885306b05cd7"
    integrity sha512-wTfvtwYJYAFL1fSs8yHIdf5GEE4NkbtbXtjLWjM3Cw8mmQKqsg8kTiqJ9NJQe5NX/5Qlo7Xd9r1yKMMkHllp5g==
  
  esbuild-sunos-64@0.13.15:
    version "0.13.15"
    resolved "https://registry.npmmirror.com/esbuild-sunos-64/download/esbuild-sunos-64-0.13.15.tgz#d0b6454a88375ee8d3964daeff55c85c91c7cef4"
    integrity sha512-lbivT9Bx3t1iWWrSnGyBP9ODriEvWDRiweAs69vI+miJoeKwHWOComSRukttbuzjZ8r1q0mQJ8Z7yUsDJ3hKdw==
  
  esbuild-windows-32@0.13.15:
    version "0.13.15"
    resolved "https://registry.npmmirror.com/esbuild-windows-32/download/esbuild-windows-32-0.13.15.tgz#c96d0b9bbb52f3303322582ef8e4847c5ad375a7"
    integrity sha512-fDMEf2g3SsJ599MBr50cY5ve5lP1wyVwTe6aLJsM01KtxyKkB4UT+fc5MXQFn3RLrAIAZOG+tHC+yXObpSn7Nw==
  
  esbuild-windows-64@0.13.15:
    version "0.13.15"
    resolved "https://registry.npmmirror.com/esbuild-windows-64/download/esbuild-windows-64-0.13.15.tgz"
    integrity sha512-9aMsPRGDWCd3bGjUIKG/ZOJPKsiztlxl/Q3C1XDswO6eNX/Jtwu4M+jb6YDH9hRSUflQWX0XKAfWzgy5Wk54JQ==
  
  esbuild-windows-arm64@0.13.15:
    version "0.13.15"
    resolved "https://registry.npmmirror.com/esbuild-windows-arm64/download/esbuild-windows-arm64-0.13.15.tgz#482173070810df22a752c686509c370c3be3b3c3"
    integrity sha512-zzvyCVVpbwQQATaf3IG8mu1IwGEiDxKkYUdA4FpoCHi1KtPa13jeScYDjlW0Qh+ebWzpKfR2ZwvqAQkSWNcKjA==
  
  esbuild@^0.13.12:
    version "0.13.15"
    resolved "https://registry.npmmirror.com/esbuild/download/esbuild-0.13.15.tgz"
    integrity sha512-raCxt02HBKv8RJxE8vkTSCXGIyKHdEdGfUmiYb8wnabnaEmHzyW7DCHb5tEN0xU8ryqg5xw54mcwnYkC4x3AIw==
    optionalDependencies:
      esbuild-android-arm64 "0.13.15"
      esbuild-darwin-64 "0.13.15"
      esbuild-darwin-arm64 "0.13.15"
      esbuild-freebsd-64 "0.13.15"
      esbuild-freebsd-arm64 "0.13.15"
      esbuild-linux-32 "0.13.15"
      esbuild-linux-64 "0.13.15"
      esbuild-linux-arm "0.13.15"
      esbuild-linux-arm64 "0.13.15"
      esbuild-linux-mips64le "0.13.15"
      esbuild-linux-ppc64le "0.13.15"
      esbuild-netbsd-64 "0.13.15"
      esbuild-openbsd-64 "0.13.15"
      esbuild-sunos-64 "0.13.15"
      esbuild-windows-32 "0.13.15"
      esbuild-windows-64 "0.13.15"
      esbuild-windows-arm64 "0.13.15"
  
  esprima@^4.0.0:
    version "4.0.1"
    resolved "https://registry.npm.taobao.org/esprima/download/esprima-4.0.1.tgz"
    integrity sha1-E7BM2z5sXRnfkatph6hpVhmwqnE=
  
  estree-walker@^2.0.2:
    version "2.0.2"
    resolved "https://registry.npmmirror.com/estree-walker/download/estree-walker-2.0.2.tgz"
    integrity sha1-UvAQF4wqTBF6d1fP6UKtt9LaTKw=
  
  fill-range@^7.0.1:
    version "7.0.1"
    resolved "https://registry.npm.taobao.org/fill-range/download/fill-range-7.0.1.tgz"
    integrity sha1-GRmmp8df44ssfHflGYU12prN2kA=
    dependencies:
      to-regex-range "^5.0.1"
  
  front-matter@^4.0.0:
    version "4.0.2"
    resolved "https://registry.npm.taobao.org/front-matter/download/front-matter-4.0.2.tgz"
    integrity sha1-sU5U3HRc/XKTSE8yENFepO3X9NU=
    dependencies:
      js-yaml "^3.13.1"
  
  fsevents@~2.3.2:
    version "2.3.2"
    resolved "https://registry.npmmirror.com/fsevents/download/fsevents-2.3.2.tgz#8a526f78b8fdf4623b709e0b975c52c24c02fd1a"
    integrity sha1-ilJveLj99GI7cJ4Ll1xSwkwC/Ro=
  
  function-bind@^1.1.1:
    version "1.1.1"
    resolved "https://registry.nlark.com/function-bind/download/function-bind-1.1.1.tgz"
    integrity sha1-pWiZ0+o8m6uHS7l3O3xe3pL0iV0=
  
  github-markdown-css@^5.1.0:
    version "5.1.0"
    resolved "https://registry.npmmirror.com/github-markdown-css/download/github-markdown-css-5.1.0.tgz"
    integrity sha512-QLtORwHHtUHhPMHu7i4GKfP6Vx5CWZn+NKQXe+cBhslY1HEt0CTEkP4d/vSROKV0iIJSpl4UtlQ16AD8C6lMug==
  
  glob-parent@~5.1.2:
    version "5.1.2"
    resolved "https://registry.npmmirror.com/glob-parent/download/glob-parent-5.1.2.tgz"
    integrity sha1-hpgyxYA0/mikCTwX3BXoNA2EAcQ=
    dependencies:
      is-glob "^4.0.1"
  
  has@^1.0.3:
    version "1.0.3"
    resolved "https://registry.nlark.com/has/download/has-1.0.3.tgz"
    integrity sha1-ci18v8H2qoJB8W3YFOAR4fQeh5Y=
    dependencies:
      function-bind "^1.1.1"
  
  htmlparser2@^6.0.0:
    version "6.1.0"
    resolved "https://registry.npmmirror.com/htmlparser2/download/htmlparser2-6.1.0.tgz?cache=0&sync_timestamp=1636640933377&other_urls=https%3A%2F%2Fregistry.npmmirror.com%2Fhtmlparser2%2Fdownload%2Fhtmlparser2-6.1.0.tgz"
    integrity sha1-xNditsM3GgXb5l6UrkOp+EX7j7c=
    dependencies:
      domelementtype "^2.0.1"
      domhandler "^4.0.0"
      domutils "^2.5.2"
      entities "^2.0.0"
  
  immutable@^4.0.0:
    version "4.0.0"
    resolved "https://registry.npmmirror.com/immutable/download/immutable-4.0.0.tgz"
    integrity sha1-uG943mre82CDle+yaakUYnl+LCM=
  
  is-binary-path@~2.1.0:
    version "2.1.0"
    resolved "https://registry.nlark.com/is-binary-path/download/is-binary-path-2.1.0.tgz"
    integrity sha1-6h9/O4DwZCNug0cPhsCcJU+0Wwk=
    dependencies:
      binary-extensions "^2.0.0"
  
  is-core-module@^2.8.0:
    version "2.8.1"
    resolved "https://registry.npmmirror.com/is-core-module/download/is-core-module-2.8.1.tgz"
    integrity sha512-SdNCUs284hr40hFTFP6l0IfZ/RSrMXF3qgoRHd3/79unUTvrFO/JoXwkGm+5J/Oe3E/b5GsnG330uUNgRpu1PA==
    dependencies:
      has "^1.0.3"
  
  is-extglob@^2.1.1:
    version "2.1.1"
    resolved "https://registry.npm.taobao.org/is-extglob/download/is-extglob-2.1.1.tgz"
    integrity sha1-qIwCU1eR8C7TfHahueqXc8gz+MI=
  
  is-glob@^4.0.1, is-glob@~4.0.1:
    version "4.0.3"
    resolved "https://registry.npmmirror.com/is-glob/download/is-glob-4.0.3.tgz"
    integrity sha1-ZPYeQsu7LuwgcanawLKLoeZdUIQ=
    dependencies:
      is-extglob "^2.1.1"
  
  is-number@^7.0.0:
    version "7.0.0"
    resolved "https://registry.nlark.com/is-number/download/is-number-7.0.0.tgz"
    integrity sha1-dTU0W4lnNNX4DE0GxQlVUnoU8Ss=
  
  js-yaml@^3.13.1:
    version "3.14.1"
    resolved "https://registry.npmmirror.com/js-yaml/download/js-yaml-3.14.1.tgz"
    integrity sha512-okMH7OXXJ7YrN9Ok3/SXrnu4iX9yOk+25nqX4imS2npuvTYDmo/QEZoqwZkYaIDk3jVvBOTOIEgEhaLOynBS9g==
    dependencies:
      argparse "^1.0.7"
      esprima "^4.0.0"
  
  linkify-it@^3.0.1:
    version "3.0.3"
    resolved "https://registry.npmmirror.com/linkify-it/download/linkify-it-3.0.3.tgz"
    integrity sha1-qYuvRM5FpVDvtNScdp0HUkzC+i4=
    dependencies:
      uc.micro "^1.0.1"
  
  magic-string@^0.25.7:
    version "0.25.7"
    resolved "https://registry.npm.taobao.org/magic-string/download/magic-string-0.25.7.tgz"
    integrity sha1-P0l9b9NMZpxnmNy4IfLvMfVEUFE=
    dependencies:
      sourcemap-codec "^1.4.4"
  
  markdown-it@^12.0.0:
    version "12.3.2"
    resolved "https://registry.npmmirror.com/markdown-it/download/markdown-it-12.3.2.tgz"
    integrity sha512-TchMembfxfNVpHkbtriWltGWc+m3xszaRD0CZup7GFFhzIgQqxIfn3eGj1yZpfuflzPvfkt611B2Q/Bsk1YnGg==
    dependencies:
      argparse "^2.0.1"
      entities "~2.1.0"
      linkify-it "^3.0.1"
      mdurl "^1.0.1"
      uc.micro "^1.0.5"
  
  marked@^4.0.9:
    version "4.0.9"
    resolved "https://registry.npmmirror.com/marked/download/marked-4.0.9.tgz"
    integrity sha512-HmoFvQwFLxNESeGupeOC+6CLb5WzcCWQmqvVetsErmrI3vrZ6gBumty5IP0ynLPR0zYSoVY7ITC1GffsYIGkog==
  
  mdurl@^1.0.1:
    version "1.0.1"
    resolved "https://registry.nlark.com/mdurl/download/mdurl-1.0.1.tgz"
    integrity sha1-/oWy7HWlkDfyrf7BAP1sYBdhFS4=
  
  nanoid@^3.1.30:
    version "3.1.30"
    resolved "https://registry.npmmirror.com/nanoid/download/nanoid-3.1.30.tgz"
    integrity sha512-zJpuPDwOv8D2zq2WRoMe1HsfZthVewpel9CAvTfc/2mBD1uUT/agc5f7GHGWXlYkFvi1mVxe4IjvP2HNrop7nQ==
  
  normalize-path@^3.0.0, normalize-path@~3.0.0:
    version "3.0.0"
    resolved "https://registry.npm.taobao.org/normalize-path/download/normalize-path-3.0.0.tgz"
    integrity sha1-Dc1p/yOhybEf0JeDFmRKA4ghamU=
  
  path-parse@^1.0.7:
    version "1.0.7"
    resolved "https://registry.nlark.com/path-parse/download/path-parse-1.0.7.tgz"
    integrity sha1-+8EUtgykKzDZ2vWFjkvWi77bZzU=
  
  picocolors@^1.0.0:
    version "1.0.0"
    resolved "https://registry.npmmirror.com/picocolors/download/picocolors-1.0.0.tgz?cache=0&sync_timestamp=1634093378416&other_urls=https%3A%2F%2Fregistry.npmmirror.com%2Fpicocolors%2Fdownload%2Fpicocolors-1.0.0.tgz"
    integrity sha1-y1vcdP8/UYkiNur3nWi8RFZKuBw=
  
  picomatch@^2.0.4, picomatch@^2.2.1:
    version "2.3.1"
    resolved "https://registry.npmmirror.com/picomatch/download/picomatch-2.3.1.tgz"
    integrity sha512-JU3teHTNjmE2VCGFzuY8EXzCDVwEqB2a8fsIvwaStHhAWJEeVd1o1QD80CU6+ZdEXXSLbSsuLwJjkCBWqRQUVA==
  
  postcss@^8.1.10, postcss@^8.4.5:
    version "8.4.5"
    resolved "https://registry.npmmirror.com/postcss/download/postcss-8.4.5.tgz"
    integrity sha512-jBDboWM8qpaqwkMwItqTQTiFikhs/67OYVvblFFTM7MrZjt6yMKd6r2kgXizEbTTljacm4NldIlZnhbjr84QYg==
    dependencies:
      nanoid "^3.1.30"
      picocolors "^1.0.0"
      source-map-js "^1.0.1"
  
  prismjs@^1.26.0:
    version "1.26.0"
    resolved "https://registry.yarnpkg.com/prismjs/-/prismjs-1.26.0.tgz#16881b594828bb6b45296083a8cbab46b0accd47"
    integrity sha512-HUoH9C5Z3jKkl3UunCyiD5jwk0+Hz0fIgQ2nbwU2Oo/ceuTAQAg+pPVnfdt2TJWRVLcxKh9iuoYDUSc8clb5UQ==
  
  readdirp@~3.6.0:
    version "3.6.0"
    resolved "https://registry.npm.taobao.org/readdirp/download/readdirp-3.6.0.tgz"
    integrity sha1-dKNwvYVxFuJFspzJc0DNQxoCpsc=
    dependencies:
      picomatch "^2.2.1"
  
  resolve@^1.20.0:
    version "1.21.0"
    resolved "https://registry.npmmirror.com/resolve/download/resolve-1.21.0.tgz"
    integrity sha512-3wCbTpk5WJlyE4mSOtDLhqQmGFi0/TD9VPwmiolnk8U0wRgMEktqCXd3vy5buTO3tljvalNvKrjHEfrd2WpEKA==
    dependencies:
      is-core-module "^2.8.0"
      path-parse "^1.0.7"
      supports-preserve-symlinks-flag "^1.0.0"
  
  rollup@^2.59.0:
    version "2.63.0"
    resolved "https://registry.npmmirror.com/rollup/download/rollup-2.63.0.tgz"
    integrity sha512-nps0idjmD+NXl6OREfyYXMn/dar3WGcyKn+KBzPdaLecub3x/LrId0wUcthcr8oZUAcZAR8NKcfGGFlNgGL1kQ==
    optionalDependencies:
      fsevents "~2.3.2"
  
  sass@^1.47.0:
    version "1.47.0"
    resolved "https://registry.npmmirror.com/sass/download/sass-1.47.0.tgz"
    integrity sha512-GtXwvwgD7/6MLUZPnlA5/8cdRgC9SzT5kAnnJMRmEZQFRE3J56Foswig4NyyyQGsnmNvg6EUM/FP0Pe9Y2zywQ==
    dependencies:
      chokidar ">=3.0.0 <4.0.0"
      immutable "^4.0.0"
      source-map-js ">=0.6.2 <2.0.0"
  
  "source-map-js@>=0.6.2 <2.0.0", source-map-js@^1.0.1:
    version "1.0.1"
    resolved "https://registry.npmmirror.com/source-map-js/download/source-map-js-1.0.1.tgz?cache=0&sync_timestamp=1636400753943&other_urls=https%3A%2F%2Fregistry.npmmirror.com%2Fsource-map-js%2Fdownload%2Fsource-map-js-1.0.1.tgz"
    integrity sha512-4+TN2b3tqOCd/kaGRJ/sTYA0tR0mdXx26ipdolxcwtJVqEnqNYvlCAt1q3ypy4QMlYus+Zh34RNtYLoq2oQ4IA==
  
  source-map@^0.6.1:
    version "0.6.1"
    resolved "https://registry.npm.taobao.org/source-map/download/source-map-0.6.1.tgz"
    integrity sha1-dHIq8y6WFOnCh6jQu95IteLxomM=
  
  sourcemap-codec@^1.4.4:
    version "1.4.8"
    resolved "https://registry.npm.taobao.org/sourcemap-codec/download/sourcemap-codec-1.4.8.tgz"
    integrity sha1-6oBL2UhXQC5pktBaOO8a41qatMQ=
  
  sprintf-js@~1.0.2:
    version "1.0.3"
    resolved "https://registry.nlark.com/sprintf-js/download/sprintf-js-1.0.3.tgz"
    integrity sha1-BOaSb2YolTVPPdAVIDYzuFcpfiw=
  
  supports-preserve-symlinks-flag@^1.0.0:
    version "1.0.0"
    resolved "https://registry.npmmirror.com/supports-preserve-symlinks-flag/download/supports-preserve-symlinks-flag-1.0.0.tgz"
    integrity sha512-ot0WnXS9fgdkgIcePe6RHNk1WA8+muPa6cSjeR3V8K27q9BB1rTE3R1p7Hv0z1ZyAc8s6Vvv8DIyWf681MAt0w==
  
  to-regex-range@^5.0.1:
    version "5.0.1"
    resolved "https://registry.nlark.com/to-regex-range/download/to-regex-range-5.0.1.tgz"
    integrity sha1-FkjESq58jZiKMmAY7XL1tN0DkuQ=
    dependencies:
      is-number "^7.0.0"
  
  uc.micro@^1.0.1, uc.micro@^1.0.5:
    version "1.0.6"
    resolved "https://registry.nlark.com/uc.micro/download/uc.micro-1.0.6.tgz"
    integrity sha1-nEEagCpAmpH8bPdAgbq6NLJEmaw=
  
  vite-plugin-markdown@^2.0.2:
    version "2.0.2"
    resolved "https://registry.npmmirror.com/vite-plugin-markdown/download/vite-plugin-markdown-2.0.2.tgz"
    integrity sha1-fo3Og0lxPpvaEYTxMJLUuH02csM=
    dependencies:
      front-matter "^4.0.0"
      htmlparser2 "^6.0.0"
      markdown-it "^12.0.0"
  
  vite@^2.7.2:
    version "2.7.10"
    resolved "https://registry.npmmirror.com/vite/download/vite-2.7.10.tgz"
    integrity sha512-KEY96ntXUid1/xJihJbgmLZx7QSC2D4Tui0FdS0Old5OokYzFclcofhtxtjDdGOk/fFpPbHv9yw88+rB93Tb8w==
    dependencies:
      esbuild "^0.13.12"
      postcss "^8.4.5"
      resolve "^1.20.0"
      rollup "^2.59.0"
    optionalDependencies:
      fsevents "~2.3.2"
  
  vue-router@4:
    version "4.0.12"
    resolved "https://registry.npmmirror.com/vue-router/download/vue-router-4.0.12.tgz"
    integrity sha512-CPXvfqe+mZLB1kBWssssTiWg4EQERyqJZes7USiqfW9B5N2x+nHlnsM1D3b5CaJ6qgCvMmYJnz+G0iWjNCvXrg==
    dependencies:
      "@vue/devtools-api" "^6.0.0-beta.18"
  
  vue@^3.2.25:
    version "3.2.26"
    resolved "https://registry.npmmirror.com/vue/download/vue-3.2.26.tgz"
    integrity sha512-KD4lULmskL5cCsEkfhERVRIOEDrfEL9CwAsLYpzptOGjaGFNWo3BQ9g8MAb7RaIO71rmVOziZ/uEN/rHwcUIhg==
    dependencies:
      "@vue/compiler-dom" "3.2.26"
      "@vue/compiler-sfc" "3.2.26"
      "@vue/runtime-dom" "3.2.26"
      "@vue/server-renderer" "3.2.26"
      "@vue/shared" "3.2.26"
